<?xml version="1.0" encoding="UTF-8"?>
<testsuite name="org.example.MainTest" tests="1" skipped="0" failures="0" errors="0" timestamp="2022-09-24T07:11:45" hostname="ARTOGHRUL" time="0.013">
  <properties/>
  <testcase name="Test Main.get()" classname="org.example.MainTest" time="0.013"/>
  <system-out><![CDATA[]]></system-out>
  <system-err><![CDATA[]]></system-err>
</testsuite>
